2023-08-17T00:21:58.900Z [[31MERROR[39M]: [31mDB CONNECTED[39m
2023-08-17T00:24:38.375Z [[31merror[39m]: [31mDB CONNECTED[39m
2023-08-19T00:06:39.169Z [[31merror[39m]: [31mpasswordReset.create is not a function[39m
2023-08-19T00:06:39.170Z [[31merror[39m]: [31mFailed saved passwordReset[39m
2023-08-19T00:08:40.379Z [[31merror[39m]: [31mPasswordResetModel.create is not a function[39m
2023-08-19T00:08:40.380Z [[31merror[39m]: [31mFailed saved passwordReset[39m
2023-08-19T00:24:32.191Z [[31merror[39m]: [31mpasswordReset url[39m
2023-08-19T00:24:32.192Z [[31merror[39m]: [31mCannot populate path `user` because it is not in your schema. Set the `strictPopulate` option to false to override.[39m
2023-08-19T00:25:50.385Z [[31merror[39m]: [31mpasswordReset url[39m
2023-08-19T00:25:50.386Z [[31merror[39m]: [31mCannot populate path `users.userId` because it is not in your schema. Set the `strictPopulate` option to false to override.[39m
2023-08-19T00:48:55.315Z [[31merror[39m]: [31mpasswordReset url[39m
2023-08-19T00:48:55.316Z [[31merror[39m]: [31mOperation `passwordresets.findOne()` buffering timed out after 10000ms[39m
2023-08-19T00:48:55.898Z [[31merror[39m]: [31mpasswordReset url[39m
2023-08-19T00:48:55.899Z [[31merror[39m]: [31mOperation `passwordresets.findOne()` buffering timed out after 10000ms[39m
2023-08-19T00:49:11.183Z [[31merror[39m]: [31mpasswordReset url[39m
2023-08-19T00:49:11.184Z [[31merror[39m]: [31mOperation `passwordresets.findOne()` buffering timed out after 10000ms[39m
2023-08-19T00:49:34.317Z [[31merror[39m]: [31mpasswordReset url[39m
2023-08-19T00:49:34.318Z [[31merror[39m]: [31mOperation `passwordresets.findOne()` buffering timed out after 10000ms[39m
2023-08-19T01:21:17.510Z [[31merror[39m]: [31mUpdate status[39m
2023-08-19T01:21:17.511Z [[31merror[39m]: [31mCast to ObjectId failed for value "{ id: new ObjectId("64e0121c034dc4bd5d507f7b") }" (type Object) at path "_id" for model "passwordReset"[39m
2023-08-19T01:22:19.562Z [[31merror[39m]: [31mUpdate status[39m
2023-08-19T01:22:19.563Z [[31merror[39m]: [31mCast to ObjectId failed for value "{ id: new ObjectId("64e0193cca16f0e33205f3b3") }" (type Object) at path "_id" for model "passwordReset"[39m
2023-08-19T01:23:16.551Z [[31merror[39m]: [31mUpdate status[39m
2023-08-19T01:23:16.552Z [[31merror[39m]: [31muser is not defined[39m
2023-08-19T01:24:35.529Z [[31merror[39m]: [31mUpdate status[39m
2023-08-19T01:24:35.530Z [[31merror[39m]: [31muser is not defined[39m
2023-08-19T01:26:28.604Z [[31merror[39m]: [31mUpdate status[39m
2023-08-19T01:26:28.605Z [[31merror[39m]: [31muser is not defined[39m
2023-08-19T18:21:18.712Z [[31merror[39m]: [31mCannot access 'product' before initialization[39m
2023-08-19T18:21:21.429Z [[31merror[39m]: [31mCannot access 'product' before initialization[39m
